Using pre-set license
Built from '2022.3/staging' branch; Version is '2022.3.22f1 (887be4894c44) revision 8944612'; Using compiler version '192829333'; Build Type 'Release'
OS: 'Windows 11  (10.0.22631) 64bit Core' Language: 'en' Physical Memory: 16005 MB
BatchMode: 1, IsHumanControllingUs: 0, StartBugReporterOnCrash: 0, Is64bit: 1, IsPro: 1

COMMAND LINE ARGUMENTS:
C:\Program Files\Unity\Hub\Editor\2022.3.22f1\Editor\Unity.exe
-adb2
-batchMode
-noUpm
-name
AssetImportWorker0
-projectPath
C:/Users/kosuk/ETRA_UI
-logFile
Logs/AssetImportWorker0.log
-srvPort
50185
Successfully changed project path to: C:/Users/kosuk/ETRA_UI
C:/Users/kosuk/ETRA_UI
[UnityMemory] Configuration Parameters - Can be set up in boot.config
    "memorysetup-bucket-allocator-granularity=16"
    "memorysetup-bucket-allocator-bucket-count=8"
    "memorysetup-bucket-allocator-block-size=33554432"
    "memorysetup-bucket-allocator-block-count=8"
    "memorysetup-main-allocator-block-size=16777216"
    "memorysetup-thread-allocator-block-size=16777216"
    "memorysetup-gfx-main-allocator-block-size=16777216"
    "memorysetup-gfx-thread-allocator-block-size=16777216"
    "memorysetup-cache-allocator-block-size=4194304"
    "memorysetup-typetree-allocator-block-size=2097152"
    "memorysetup-profiler-bucket-allocator-granularity=16"
    "memorysetup-profiler-bucket-allocator-bucket-count=8"
    "memorysetup-profiler-bucket-allocator-block-size=33554432"
    "memorysetup-profiler-bucket-allocator-block-count=8"
    "memorysetup-profiler-allocator-block-size=16777216"
    "memorysetup-profiler-editor-allocator-block-size=1048576"
    "memorysetup-temp-allocator-size-main=16777216"
    "memorysetup-job-temp-allocator-block-size=2097152"
    "memorysetup-job-temp-allocator-block-size-background=1048576"
    "memorysetup-job-temp-allocator-reduction-small-platforms=262144"
    "memorysetup-allocator-temp-initial-block-size-main=262144"
    "memorysetup-allocator-temp-initial-block-size-worker=262144"
    "memorysetup-temp-allocator-size-background-worker=32768"
    "memorysetup-temp-allocator-size-job-worker=262144"
    "memorysetup-temp-allocator-size-preload-manager=33554432"
    "memorysetup-temp-allocator-size-nav-mesh-worker=65536"
    "memorysetup-temp-allocator-size-audio-worker=65536"
    "memorysetup-temp-allocator-size-cloud-worker=32768"
    "memorysetup-temp-allocator-size-gi-baking-worker=262144"
    "memorysetup-temp-allocator-size-gfx=262144"
Player connection [31088] Host "[IP] 192.168.0.56 [Port] 0 [Flags] 2 [Guid] 2284786936 [EditorId] 2284786936 [Version] 1048832 [Id] WindowsEditor(7,KS00Max) [Debug] 1 [PackageName] WindowsEditor [ProjectName] Editor" joined multi-casting on [225.0.0.222:54997]...

Player connection [31088] Host "[IP] 192.168.0.56 [Port] 0 [Flags] 2 [Guid] 2284786936 [EditorId] 2284786936 [Version] 1048832 [Id] WindowsEditor(7,KS00Max) [Debug] 1 [PackageName] WindowsEditor [ProjectName] Editor" joined alternative multi-casting on [225.0.0.222:34997]...

[Physics::Module] Initialized MultithreadedJobDispatcher with 19 workers.
Refreshing native plugins compatible for Editor in 17.85 ms, found 3 plugins.
Preloading 0 native plugins for Editor in 0.00 ms.
Initialize engine version: 2022.3.22f1 (887be4894c44)
[Subsystems] Discovering subsystems at path C:/Program Files/Unity/Hub/Editor/2022.3.22f1/Editor/Data/Resources/UnitySubsystems
[Subsystems] Discovering subsystems at path C:/Users/kosuk/ETRA_UI/Assets
GfxDevice: creating device client; threaded=0; jobified=0
Direct3D:
    Version:  Direct3D 11.0 [level 11.1]
    Renderer: NVIDIA GeForce RTX 4060 Laptop GPU (ID=0x28a0)
    Vendor:   NVIDIA
    VRAM:     7957 MB
    Driver:   32.0.15.6607
Initialize mono
Mono path[0] = 'C:/Program Files/Unity/Hub/Editor/2022.3.22f1/Editor/Data/Managed'
Mono path[1] = 'C:/Program Files/Unity/Hub/Editor/2022.3.22f1/Editor/Data/MonoBleedingEdge/lib/mono/unityjit-win32'
Mono config path = 'C:/Program Files/Unity/Hub/Editor/2022.3.22f1/Editor/Data/MonoBleedingEdge/etc'
Using monoOptions --debugger-agent=transport=dt_socket,embedding=1,server=y,suspend=n,address=127.0.0.1:56616
Begin MonoManager ReloadAssembly
Registering precompiled unity dll's ...
Register platform support module: C:/Program Files/Unity/Hub/Editor/2022.3.22f1/Editor/Data/PlaybackEngines/AndroidPlayer/UnityEditor.Android.Extensions.dll
Register platform support module: C:/Program Files/Unity/Hub/Editor/2022.3.22f1/Editor/Data/PlaybackEngines/WindowsStandaloneSupport/UnityEditor.WindowsStandalone.Extensions.dll
Registered in 0.008893 seconds.
- Loaded All Assemblies, in  0.313 seconds
Native extension for WindowsStandalone target not found
Native extension for Android target not found
Android Extension - Scanning For ADB Devices 246 ms
Mono: successfully reloaded assembly
- Finished resetting the current domain, in  0.477 seconds
Domain Reload Profiling: 789ms
	BeginReloadAssembly (119ms)
		ExecutionOrderSort (0ms)
		DisableScriptedObjects (0ms)
		BackupInstance (0ms)
		ReleaseScriptingObjects (0ms)
		CreateAndSetChildDomain (1ms)
	RebuildCommonClasses (26ms)
	RebuildNativeTypeToScriptingClass (9ms)
	initialDomainReloadingComplete (52ms)
	LoadAllAssembliesAndSetupDomain (107ms)
		LoadAssemblies (115ms)
		RebuildTransferFunctionScriptingTraits (0ms)
		AnalyzeDomain (105ms)
			TypeCache.Refresh (104ms)
				TypeCache.ScanAssembly (95ms)
			ScanForSourceGeneratedMonoScriptInfo (0ms)
			ResolveRequiredComponents (0ms)
	FinalizeReload (477ms)
		ReleaseScriptCaches (0ms)
		RebuildScriptCaches (0ms)
		SetupLoadedEditorAssemblies (439ms)
			LogAssemblyErrors (0ms)
			InitializePlatformSupportModulesInManaged (329ms)
			SetLoadedEditorAssemblies (2ms)
			RefreshPlugins (0ms)
			BeforeProcessingInitializeOnLoad (1ms)
			ProcessInitializeOnLoadAttributes (76ms)
			ProcessInitializeOnLoadMethodAttributes (30ms)
			AfterProcessingInitializeOnLoad (0ms)
			EditorAssembliesLoaded (0ms)
		ExecutionOrderSort2 (0ms)
		AwakeInstancesAfterBackupRestoration (0ms)
========================================================================
Worker process is ready to serve import requests
Begin MonoManager ReloadAssembly
- Loaded All Assemblies, in  0.580 seconds
Refreshing native plugins compatible for Editor in 2.88 ms, found 3 plugins.
Native extension for WindowsStandalone target not found
Native extension for Android target not found
Mono: successfully reloaded assembly
- Finished resetting the current domain, in  0.376 seconds
Domain Reload Profiling: 951ms
	BeginReloadAssembly (102ms)
		ExecutionOrderSort (0ms)
		DisableScriptedObjects (3ms)
		BackupInstance (0ms)
		ReleaseScriptingObjects (0ms)
		CreateAndSetChildDomain (14ms)
	RebuildCommonClasses (21ms)
	RebuildNativeTypeToScriptingClass (6ms)
	initialDomainReloadingComplete (27ms)
	LoadAllAssembliesAndSetupDomain (419ms)
		LoadAssemblies (364ms)
		RebuildTransferFunctionScriptingTraits (0ms)
		AnalyzeDomain (117ms)
			TypeCache.Refresh (102ms)
				TypeCache.ScanAssembly (89ms)
			ScanForSourceGeneratedMonoScriptInfo (9ms)
			ResolveRequiredComponents (5ms)
	FinalizeReload (376ms)
		ReleaseScriptCaches (0ms)
		RebuildScriptCaches (0ms)
		SetupLoadedEditorAssemblies (277ms)
			LogAssemblyErrors (0ms)
			InitializePlatformSupportModulesInManaged (16ms)
			SetLoadedEditorAssemblies (2ms)
			RefreshPlugins (0ms)
			BeforeProcessingInitializeOnLoad (39ms)
			ProcessInitializeOnLoadAttributes (199ms)
			ProcessInitializeOnLoadMethodAttributes (17ms)
			AfterProcessingInitializeOnLoad (4ms)
			EditorAssembliesLoaded (0ms)
		ExecutionOrderSort2 (0ms)
		AwakeInstancesAfterBackupRestoration (5ms)
Launched and connected shader compiler UnityShaderCompiler.exe after 0.03 seconds
Refreshing native plugins compatible for Editor in 2.43 ms, found 3 plugins.
Preloading 0 native plugins for Editor in 0.00 ms.
Unloading 3141 Unused Serialized files (Serialized files now loaded: 0)
Unloading 33 unused Assets / (57.1 KB). Loaded Objects now: 3607.
Memory consumption went from 132.0 MB to 132.0 MB.
Total: 3.365600 ms (FindLiveObjects: 0.223000 ms CreateObjectMapping: 0.268600 ms MarkObjects: 2.759400 ms  DeleteObjects: 0.113000 ms)

AssetImportParameters requested are different than current active one (requested -> active):
  custom:container-demuxer-ogg: 62fdf1f143b41e24485cea50d1cbac27 -> 
  custom:video-codec-MediaFoundation-h265: 746d11721c4dcdbdad8f713fa42b33f4 -> 
  custom:video-decoder-ogg-theora: a1e56fd34408186e4bbccfd4996cb3dc -> 
  custom:framework-win-MediaFoundation: 216162199b28c13a410421893ffa2e32 -> 
  custom:CustomObjectIndexerAttribute: 9a22284fe3817be447336de3de66b15e -> 
  custom:container-demuxer-webm: 4f35f7cbe854078d1ac9338744f61a02 -> 
  custom:container-muxer-webm: aa71ff27fc2769a1b78a27578f13a17b -> 
  custom:video-decoder-webm-vp8: 9c59270c3fd7afecdb556c50c9e8de78 -> 
  custom:SearchIndexIgnoredProperties: e643bd26f0fe6173181afceb89e7c659 -> 
  custom:AudioImporter_EditorPlatform: d09bf68614088b80899f8185d706f6e7 -> 
  custom:video-encoder-webm-vp8: eb34c28f22e8b96e1ab97ce403110664 -> 
  custom:audio-decoder-ogg-vorbis: bf7c407c2cedff20999df2af8eb42d56 -> 
  custom:audio-encoder-webm-vorbis: bf7c407c2cedff20999df2af8eb42d56 -> 
========================================================================
Received Import Request.
  Time since last request: 578306.059113 seconds.
  path: Assets/Scenes/old_room_4k.exr
  artifactKey: Guid(ecc6511cb11ad7e40935a1654c644556) Importer(815301076,1909f56bfc062723c751e8b465ee728b)
Start importing Assets/Scenes/old_room_4k.exr using Guid(ecc6511cb11ad7e40935a1654c644556) Importer(815301076,1909f56bfc062723c751e8b465ee728b)  -> (artifact id: '4215961e900862a4a10268c499e6508e') in 0.060191 seconds
Number of updated asset objects reloaded before import = 0
Number of asset objects unloaded after import = 2
========================================================================
Received Import Request.
  Time since last request: 418.721963 seconds.
  path: Assets/Scenes/VR_Gallery.fbx
  artifactKey: Guid(75183e9f9fb441b48842a4eba2d04255) Importer(815301076,1909f56bfc062723c751e8b465ee728b)
Start importing Assets/Scenes/VR_Gallery.fbx using Guid(75183e9f9fb441b48842a4eba2d04255) Importer(815301076,1909f56bfc062723c751e8b465ee728b)  -> (artifact id: '575f45475b8952a8b0a4c421c5dead7a') in 0.151377 seconds
Number of updated asset objects reloaded before import = 0
Number of asset objects unloaded after import = 8
========================================================================
Received Import Request.
  Time since last request: 94.535580 seconds.
  path: Assets/Scenes/vr-gallery
  artifactKey: Guid(cd44a9c239da9f4439744375cdb1267c) Importer(815301076,1909f56bfc062723c751e8b465ee728b)
Start importing Assets/Scenes/vr-gallery using Guid(cd44a9c239da9f4439744375cdb1267c) Importer(815301076,1909f56bfc062723c751e8b465ee728b)  -> (artifact id: '536134e00339f887bcd32a2dfeed41ff') in 0.000483 seconds
Number of updated asset objects reloaded before import = 0
Number of asset objects unloaded after import = 0
========================================================================
Received Import Request.
  Time since last request: 0.806062 seconds.
  path: Assets/Scenes/vr-gallery/textures
  artifactKey: Guid(39ab1dee3899bb54dae1fe124e508794) Importer(815301076,1909f56bfc062723c751e8b465ee728b)
Start importing Assets/Scenes/vr-gallery/textures using Guid(39ab1dee3899bb54dae1fe124e508794) Importer(815301076,1909f56bfc062723c751e8b465ee728b)  -> (artifact id: 'e81e662e9e91bdae68b3cb9ad41e2ed9') in 0.000407 seconds
Number of updated asset objects reloaded before import = 0
Number of asset objects unloaded after import = 0
========================================================================
Received Import Request.
  Time since last request: 0.163415 seconds.
  path: Assets/Scenes/vr-gallery/textures/VR_gallery_baked.png
  artifactKey: Guid(913b0b28949dc0842b859b22772cb2e4) Importer(815301076,1909f56bfc062723c751e8b465ee728b)
Start importing Assets/Scenes/vr-gallery/textures/VR_gallery_baked.png using Guid(913b0b28949dc0842b859b22772cb2e4) Importer(815301076,1909f56bfc062723c751e8b465ee728b)  -> (artifact id: 'f7f9b64604fa2505714b398e4233cc35') in 0.027200 seconds
Number of updated asset objects reloaded before import = 0
Number of asset objects unloaded after import = 2
========================================================================
Received Import Request.
  Time since last request: 2.176013 seconds.
  path: Assets/Scenes/vr-gallery/source
  artifactKey: Guid(33d2a91413a44734b82da68b46f10e72) Importer(815301076,1909f56bfc062723c751e8b465ee728b)
Start importing Assets/Scenes/vr-gallery/source using Guid(33d2a91413a44734b82da68b46f10e72) Importer(815301076,1909f56bfc062723c751e8b465ee728b)  -> (artifact id: '448093ca7f113639a8da3dd71dc875db') in 0.000639 seconds
Number of updated asset objects reloaded before import = 0
Number of asset objects unloaded after import = 0
========================================================================
Received Import Request.
  Time since last request: 0.088380 seconds.
  path: Assets/Scenes/vr-gallery/source/VR_Gallery.fbx
  artifactKey: Guid(b1efa82a0204d974687fac066913661e) Importer(815301076,1909f56bfc062723c751e8b465ee728b)
Start importing Assets/Scenes/vr-gallery/source/VR_Gallery.fbx using Guid(b1efa82a0204d974687fac066913661e) Importer(815301076,1909f56bfc062723c751e8b465ee728b)  -> (artifact id: 'e327bc38779dd22ae2e58ddbdeb4e401') in 0.055440 seconds
Number of updated asset objects reloaded before import = 0
Number of asset objects unloaded after import = 10
========================================================================
Received Import Request.
  Time since last request: 120.070028 seconds.
  path: Assets/Scenes/TDImportCache
  artifactKey: Guid(1744b754508c5d34bb6a2602f64129cc) Importer(815301076,1909f56bfc062723c751e8b465ee728b)
Start importing Assets/Scenes/TDImportCache using Guid(1744b754508c5d34bb6a2602f64129cc) Importer(815301076,1909f56bfc062723c751e8b465ee728b)  -> (artifact id: 'ab5ef4b129ab7cdbfbd519aea929019a') in 0.000547 seconds
Number of updated asset objects reloaded before import = 0
Number of asset objects unloaded after import = 0
========================================================================
Received Import Request.
  Time since last request: 0.974813 seconds.
  path: Assets/Scenes/clay-figurine
  artifactKey: Guid(2b72c4112cf695c428bef1fd03f44bd5) Importer(815301076,1909f56bfc062723c751e8b465ee728b)
Start importing Assets/Scenes/clay-figurine using Guid(2b72c4112cf695c428bef1fd03f44bd5) Importer(815301076,1909f56bfc062723c751e8b465ee728b)  -> (artifact id: '827161c7dec5485910bb43138c3d3628') in 0.000371 seconds
Number of updated asset objects reloaded before import = 0
Number of asset objects unloaded after import = 0
========================================================================
Received Import Request.
  Time since last request: 1.100839 seconds.
  path: Assets/Scenes/clay-figurine/source
  artifactKey: Guid(1804bfdaff9f9e445b83a991c2a7d110) Importer(815301076,1909f56bfc062723c751e8b465ee728b)
Start importing Assets/Scenes/clay-figurine/source using Guid(1804bfdaff9f9e445b83a991c2a7d110) Importer(815301076,1909f56bfc062723c751e8b465ee728b)  -> (artifact id: '127f85fdc51380c76ae9e3112a48b012') in 0.000441 seconds
Number of updated asset objects reloaded before import = 0
Number of asset objects unloaded after import = 0
========================================================================
Received Import Request.
  Time since last request: 1.042884 seconds.
  path: Assets/Scenes/clay-figurine/source/K0005A_34_1.zip
  artifactKey: Guid(39fa745b2eab4a1448a42d6c2fb31a14) Importer(815301076,1909f56bfc062723c751e8b465ee728b)
Start importing Assets/Scenes/clay-figurine/source/K0005A_34_1.zip using Guid(39fa745b2eab4a1448a42d6c2fb31a14) Importer(815301076,1909f56bfc062723c751e8b465ee728b)  -> (artifact id: '824909b2c3965c7e2e1429659444f72a') in 0.000883 seconds
Number of updated asset objects reloaded before import = 0
Number of asset objects unloaded after import = 1
========================================================================
Received Import Request.
  Time since last request: 23.701107 seconds.
  path: Assets/Scenes/clay-figurine/source/K0005A_34_1
  artifactKey: Guid(77da6821792e93941ad19ce0c1b50244) Importer(815301076,1909f56bfc062723c751e8b465ee728b)
Start importing Assets/Scenes/clay-figurine/source/K0005A_34_1 using Guid(77da6821792e93941ad19ce0c1b50244) Importer(815301076,1909f56bfc062723c751e8b465ee728b)  -> (artifact id: '500f68de700fc084ece354e6b833fe85') in 0.000438 seconds
Number of updated asset objects reloaded before import = 0
Number of asset objects unloaded after import = 0
========================================================================
Received Import Request.
  Time since last request: 0.065315 seconds.
  path: Assets/Scenes/clay-figurine/source/K0005A_34_1/K0005A_34_1.jpg
  artifactKey: Guid(29edc861d242d324bb6b09c2eda334b3) Importer(815301076,1909f56bfc062723c751e8b465ee728b)
Start importing Assets/Scenes/clay-figurine/source/K0005A_34_1/K0005A_34_1.jpg using Guid(29edc861d242d324bb6b09c2eda334b3) Importer(815301076,1909f56bfc062723c751e8b465ee728b)  -> (artifact id: 'cf34684784e8b7f6b15951303c484333') in 0.023805 seconds
Number of updated asset objects reloaded before import = 0
Number of asset objects unloaded after import = 2
========================================================================
Received Import Request.
  Time since last request: 487.448001 seconds.
  path: Assets/Material/ProgressRIng.mat
  artifactKey: Guid(5c74ed728df4ab847915033a03dd6c5b) Importer(815301076,1909f56bfc062723c751e8b465ee728b)
Start importing Assets/Material/ProgressRIng.mat using Guid(5c74ed728df4ab847915033a03dd6c5b) Importer(815301076,1909f56bfc062723c751e8b465ee728b)  -> (artifact id: '54d09d1fde77ddb44459c43600f0dc73') in 0.030275 seconds
Number of updated asset objects reloaded before import = 0
Number of asset objects unloaded after import = 1
========================================================================
Received Prepare
Begin MonoManager ReloadAssembly
- Loaded All Assemblies, in  0.475 seconds
Refreshing native plugins compatible for Editor in 2.06 ms, found 3 plugins.
Native extension for WindowsStandalone target not found
Native extension for Android target not found
Mono: successfully reloaded assembly
- Finished resetting the current domain, in  1.141 seconds
Domain Reload Profiling: 1614ms
	BeginReloadAssembly (169ms)
		ExecutionOrderSort (0ms)
		DisableScriptedObjects (6ms)
		BackupInstance (0ms)
		ReleaseScriptingObjects (0ms)
		CreateAndSetChildDomain (58ms)
	RebuildCommonClasses (20ms)
	RebuildNativeTypeToScriptingClass (9ms)
	initialDomainReloadingComplete (22ms)
	LoadAllAssembliesAndSetupDomain (252ms)
		LoadAssemblies (315ms)
		RebuildTransferFunctionScriptingTraits (0ms)
		AnalyzeDomain (11ms)
			TypeCache.Refresh (7ms)
				TypeCache.ScanAssembly (0ms)
			ScanForSourceGeneratedMonoScriptInfo (0ms)
			ResolveRequiredComponents (4ms)
	FinalizeReload (1141ms)
		ReleaseScriptCaches (0ms)
		RebuildScriptCaches (0ms)
		SetupLoadedEditorAssemblies (283ms)
			LogAssemblyErrors (0ms)
			InitializePlatformSupportModulesInManaged (21ms)
			SetLoadedEditorAssemblies (3ms)
			RefreshPlugins (0ms)
			BeforeProcessingInitializeOnLoad (44ms)
			ProcessInitializeOnLoadAttributes (195ms)
			ProcessInitializeOnLoadMethodAttributes (15ms)
			AfterProcessingInitializeOnLoad (5ms)
			EditorAssembliesLoaded (0ms)
		ExecutionOrderSort2 (0ms)
		AwakeInstancesAfterBackupRestoration (5ms)
Refreshing native plugins compatible for Editor in 2.25 ms, found 3 plugins.
Preloading 0 native plugins for Editor in 0.00 ms.
Unloading 3118 Unused Serialized files (Serialized files now loaded: 0)
Unloading 24 unused Assets / (31.1 KB). Loaded Objects now: 3656.
Memory consumption went from 129.3 MB to 129.3 MB.
Total: 2.189000 ms (FindLiveObjects: 0.157300 ms CreateObjectMapping: 0.058800 ms MarkObjects: 1.933800 ms  DeleteObjects: 0.037900 ms)

Prepare: number of updated asset objects reloaded= 0
AssetImportParameters requested are different than current active one (requested -> active):
  custom:container-demuxer-ogg: 62fdf1f143b41e24485cea50d1cbac27 -> 
  custom:video-codec-MediaFoundation-h265: 746d11721c4dcdbdad8f713fa42b33f4 -> 
  custom:video-decoder-ogg-theora: a1e56fd34408186e4bbccfd4996cb3dc -> 
  custom:framework-win-MediaFoundation: 216162199b28c13a410421893ffa2e32 -> 
  custom:CustomObjectIndexerAttribute: 9a22284fe3817be447336de3de66b15e -> 
  custom:container-demuxer-webm: 4f35f7cbe854078d1ac9338744f61a02 -> 
  custom:container-muxer-webm: aa71ff27fc2769a1b78a27578f13a17b -> 
  custom:video-decoder-webm-vp8: 9c59270c3fd7afecdb556c50c9e8de78 -> 
  custom:SearchIndexIgnoredProperties: e643bd26f0fe6173181afceb89e7c659 -> 
  custom:AudioImporter_EditorPlatform: d09bf68614088b80899f8185d706f6e7 -> 
  custom:video-encoder-webm-vp8: eb34c28f22e8b96e1ab97ce403110664 -> 
  custom:audio-decoder-ogg-vorbis: bf7c407c2cedff20999df2af8eb42d56 -> 
  custom:audio-encoder-webm-vorbis: bf7c407c2cedff20999df2af8eb42d56 -> 
========================================================================
Received Import Request.
  Time since last request: 738.646026 seconds.
  path: Assets/Scenes/JomonSample.scenetemplate
  artifactKey: Guid(93611d1815a2848418905d183e7ddf71) Importer(815301076,1909f56bfc062723c751e8b465ee728b)
Start importing Assets/Scenes/JomonSample.scenetemplate using Guid(93611d1815a2848418905d183e7ddf71) Importer(815301076,1909f56bfc062723c751e8b465ee728b)  -> (artifact id: '75864ed58aeeeea391a95f2d1f0a07da') in 0.165193 seconds
Number of updated asset objects reloaded before import = 0
Number of asset objects unloaded after import = 30
